<?xml version="1.0" encoding="UTF-8"?>
<testng-results skipped="0" failed="0" ignored="0" total="2" passed="2">
  <reporter-output>
  </reporter-output>
  <suite name="Suite" duration-ms="41882" started-at="2018-03-04T11:49:15Z" finished-at="2018-03-04T11:49:56Z">
    <groups>
    </groups>
    <test name="Test" duration-ms="41882" started-at="2018-03-04T11:49:15Z" finished-at="2018-03-04T11:49:56Z">
      <class name="gitTest.GitTest">
        <test-method status="PASS" signature="openBrowser()[pri:0, instance:gitTest.GitTest@1f792cf]" name="openBrowser" duration-ms="19265" started-at="2018-03-04T17:19:37Z" finished-at="2018-03-04T17:19:56Z">
          <reporter-output>
          </reporter-output>
        </test-method> <!-- openBrowser -->
      </class> <!-- gitTest.GitTest -->
      <class name="gitTest.GitTest2">
        <test-method status="PASS" signature="openBrowser()[pri:0, instance:gitTest.GitTest2@19b4d0f]" name="openBrowser" duration-ms="22530" started-at="2018-03-04T17:19:15Z" finished-at="2018-03-04T17:19:37Z">
          <reporter-output>
          </reporter-output>
        </test-method> <!-- openBrowser -->
      </class> <!-- gitTest.GitTest2 -->
    </test> <!-- Test -->
  </suite> <!-- Suite -->
</testng-results>
