<?xml version="1.0" encoding="UTF-8"?>
<testng-results skipped="0" failed="0" ignored="0" total="2" passed="2">
  <reporter-output>
  </reporter-output>
  <suite name="Suite" duration-ms="51629" started-at="2018-03-04T11:31:13Z" finished-at="2018-03-04T11:32:05Z">
    <groups>
    </groups>
    <test name="Test" duration-ms="51629" started-at="2018-03-04T11:31:13Z" finished-at="2018-03-04T11:32:05Z">
      <class name="gitTest.GitTest">
        <test-method status="PASS" signature="openBrowser()[pri:0, instance:gitTest.GitTest@1832929]" name="openBrowser" duration-ms="22352" started-at="2018-03-04T17:01:42Z" finished-at="2018-03-04T17:02:05Z">
          <reporter-output>
          </reporter-output>
        </test-method> <!-- openBrowser -->
      </class> <!-- gitTest.GitTest -->
      <class name="gitTest.GitTest2">
        <test-method status="PASS" signature="openBrowser()[pri:0, instance:gitTest.GitTest2@101b7af]" name="openBrowser" duration-ms="29061" started-at="2018-03-04T17:01:13Z" finished-at="2018-03-04T17:01:42Z">
          <reporter-output>
          </reporter-output>
        </test-method> <!-- openBrowser -->
      </class> <!-- gitTest.GitTest2 -->
    </test> <!-- Test -->
  </suite> <!-- Suite -->
</testng-results>
